<?xml version="1.0" encoding="UTF-8"?>
<testsuite xmlns:xsi="http://www.w3.org/2001/XMLSchema-instance" xsi:noNamespaceSchemaLocation="https://maven.apache.org/surefire/maven-surefire-plugin/xsd/surefire-test-report-3.0.xsd" version="3.0" name="application.controller.LoginAndRegisterWindowControllerTest" time="1.579" tests="4" errors="0" skipped="0" failures="0">
  <properties>
[...]
</properties>
  <testcase name="testFieldsValidation" classname="application.controller.LoginAndRegisterWindowControllerTest" time="1.237"/>
  <testcase name="testLoginAction" classname="application.controller.LoginAndRegisterWindowControllerTest" time="0.002"/>
  <testcase name="testRegisterFieldsValidation" classname="application.controller.LoginAndRegisterWindowControllerTest" time="0.001"/>
  <testcase name="testRegisterAction" classname="application.controller.LoginAndRegisterWindowControllerTest" time="0.001"/>
</testsuite>