<?xml version="1.0" encoding="UTF-8"?>
<testsuite xmlns:xsi="http://www.w3.org/2001/XMLSchema-instance" xsi:noNamespaceSchemaLocation="https://maven.apache.org/surefire/maven-surefire-plugin/xsd/surefire-test-report-3.0.xsd" version="3.0" name="application.controller.LoginWindowControllerTest" time="1.017" tests="2" errors="0" skipped="0" failures="0">
  <properties>
[...]
</properties>
  <testcase name="testFieldsValidation" classname="application.controller.LoginWindowControllerTest" time="0.684"/>
  <testcase name="testLoginAction" classname="application.controller.LoginWindowControllerTest" time="0.002"/>
</testsuite>