-------------------------------------------------------------------------------
Test set: MainTopLevelTest
-------------------------------------------------------------------------------
Tests run: 2, Failures: 1, Errors: 0, Skipped: 0, Time elapsed: 14.542 s <<< FAILURE! - in MainTopLevelTest
MainTopLevelTest.createConnection  Time elapsed: 1.006 s  <<< FAILURE!
org.opentest4j.AssertionFailedError: expected: <Ping> but was: <Heartbeat>
	at MainTopLevelTest.createConnection(MainTopLevelTest.java:130)

