-------------------------------------------------------------------------------
Test set: MainTopLevelTest
-------------------------------------------------------------------------------
Tests run: 2, Failures: 1, Errors: 0, Skipped: 0, Time elapsed: 22.347 s <<< FAILURE! - in MainTopLevelTest
MainTopLevelTest.createConnection  Time elapsed: 3.016 s  <<< FAILURE!
org.opentest4j.AssertionFailedError: expected: <true> but was: <false>
	at MainTopLevelTest.createConnection(MainTopLevelTest.java:134)

